<?xml version="1.0" encoding="UTF-8"?>
<testng-results skipped="0" failed="0" ignored="0" total="1" passed="1">
  <reporter-output>
  </reporter-output>
  <suite name="Default suite" duration-ms="187042" started-at="2019-07-25T14:25:33Z" finished-at="2019-07-25T14:28:40Z">
    <groups>
    </groups>
    <test name="Default test" duration-ms="187042" started-at="2019-07-25T14:25:33Z" finished-at="2019-07-25T14:28:40Z">
      <class name="Facebook">
        <test-method status="PASS" signature="launch()[pri:0, instance:Facebook@2d8f65a4]" name="launch" is-config="true" duration-ms="178238" started-at="2019-07-25T14:25:33Z" finished-at="2019-07-25T14:28:31Z">
          <reporter-output>
          </reporter-output>
        </test-method> <!-- launch -->
        <test-method status="PASS" signature="create()[pri:0, instance:Facebook@2d8f65a4]" name="create" duration-ms="6175" started-at="2019-07-25T14:28:31Z" finished-at="2019-07-25T14:28:38Z">
          <reporter-output>
          </reporter-output>
        </test-method> <!-- create -->
        <test-method status="PASS" signature="logout()[pri:0, instance:Facebook@2d8f65a4]" name="logout" is-config="true" duration-ms="2402" started-at="2019-07-25T14:28:38Z" finished-at="2019-07-25T14:28:40Z">
          <reporter-output>
          </reporter-output>
        </test-method> <!-- logout -->
      </class> <!-- Facebook -->
    </test> <!-- Default test -->
  </suite> <!-- Default suite -->
</testng-results>
